<?xml version="1.0" encoding="UTF-8"?>
<!-- Generated by org.testng.reporters.JUnitReportReporter -->
<testsuite hostname="DESKTOP-0BG0PEU" failures="0" tests="9" name="testRunner.Runner" time="252.324" errors="0" timestamp="2024-10-23T16:32:35 IST" skipped="0">
  <testcase classname="testRunner.Runner" name="runScenario" time="25.976"/>
  <system-out>
    <![CDATA[Customer-00000012078     Customer-00000012078]]>
  </system-out>
  <testcase classname="testRunner.Runner" name="runScenario" time="29.701"/>
  <system-out>
    <![CDATA[Supplier-00000006093     Supplier-00000006093]]>
  </system-out>
  <testcase classname="testRunner.Runner" name="runScenario" time="26.141"/>
  <system-out>
    <![CDATA[Customer-00000012076     Customer-00000012076]]>
  </system-out>
  <testcase classname="testRunner.Runner" name="runScenario" time="29.705"/>
  <system-out>
    <![CDATA[Supplier-00000006095     Supplier-00000006095]]>
  </system-out>
  <testcase classname="testRunner.Runner" name="runScenario" time="26.188"/>
  <system-out>
    <![CDATA[Customer-00000012075     Customer-00000012075]]>
  </system-out>
  <testcase classname="testRunner.Runner" name="runScenario" time="29.646"/>
  <system-out>
    <![CDATA[Supplier-00000006094     Supplier-00000006094]]>
  </system-out>
  <testcase classname="testRunner.Runner" name="runScenario" time="28.938"/>
  <system-out>
    <![CDATA[Supplier-00000006097     Supplier-00000006097]]>
  </system-out>
  <testcase classname="testRunner.Runner" name="runScenario" time="25.792"/>
  <system-out>
    <![CDATA[Customer-00000012077     Customer-00000012077]]>
  </system-out>
  <testcase classname="testRunner.Runner" name="runScenario" time="30.237"/>
  <system-out>
    <![CDATA[Supplier-00000006096     Supplier-00000006096]]>
  </system-out>
</testsuite> <!-- testRunner.Runner -->
